<?xml version="1.0" encoding="UTF-8"?>
<testng-results ignored="0" total="4" passed="4" failed="0" skipped="0">
  <reporter-output>
  </reporter-output>
  <suite started-at="2022-03-30T15:22:29Z" name="orangeHRM" finished-at="2022-03-30T15:24:15Z" duration-ms="106229">
    <groups>
    </groups>
    <test started-at="2022-03-30T15:22:29Z" name="OHrm_testing" finished-at="2022-03-30T15:23:42Z" duration-ms="72306">
      <class name="regressionTesting.RegressionTesting">
        <test-method signature="regTest()[pri:0, instance:regressionTesting.RegressionTesting@2bfc268b]" started-at="2022-03-30T15:22:40Z" name="regTest" finished-at="2022-03-30T15:23:42Z" duration-ms="62037" status="PASS">
          <reporter-output>
          </reporter-output>
        </test-method> <!-- regTest -->
      </class> <!-- regressionTesting.RegressionTesting -->
      <class name="base.Base">
        <test-method is-config="true" signature="initialize(java.lang.String)[pri:0, instance:base.Base@4e7912d8]" started-at="2022-03-30T15:22:29Z" name="initialize" finished-at="2022-03-30T15:22:35Z" duration-ms="6188" status="PASS">
          <params>
            <param index="0">
              <value>
                <![CDATA[chrome]]>
              </value>
            </param>
          </params>
          <reporter-output>
          </reporter-output>
        </test-method> <!-- initialize -->
      </class> <!-- base.Base -->
      <class name="smokeTesting.SmokeTest">
        <test-method signature="smokeTest()[pri:0, instance:smokeTesting.SmokeTest@53976f5c]" started-at="2022-03-30T15:22:35Z" name="smokeTest" finished-at="2022-03-30T15:22:39Z" duration-ms="4068" status="PASS">
          <reporter-output>
          </reporter-output>
        </test-method> <!-- smokeTest -->
      </class> <!-- smokeTesting.SmokeTest -->
    </test> <!-- OHrm_testing -->
    <test started-at="2022-03-30T15:23:42Z" name="OHrm_testing_ch1" finished-at="2022-03-30T15:24:15Z" duration-ms="33907">
      <class name="regressionTesting.RegressionTesting">
        <test-method signature="regTest()[pri:0, instance:regressionTesting.RegressionTesting@932bc4a]" started-at="2022-03-30T15:23:49Z" name="regTest" finished-at="2022-03-30T15:24:15Z" duration-ms="26767" status="PASS">
          <reporter-output>
          </reporter-output>
        </test-method> <!-- regTest -->
      </class> <!-- regressionTesting.RegressionTesting -->
      <class name="base.Base">
        <test-method is-config="true" signature="setup()[pri:0, instance:base.Base@57af006c]" started-at="2022-03-30T15:22:29Z" name="setup" finished-at="2022-03-30T15:22:29Z" duration-ms="221" status="PASS">
          <reporter-output>
          </reporter-output>
        </test-method> <!-- setup -->
        <test-method is-config="true" signature="initialize(java.lang.String)[pri:0, instance:base.Base@57af006c]" started-at="2022-03-30T15:23:42Z" name="initialize" finished-at="2022-03-30T15:23:44Z" duration-ms="2822" status="PASS">
          <params>
            <param index="0">
              <value>
                <![CDATA[edge]]>
              </value>
            </param>
          </params>
          <reporter-output>
          </reporter-output>
        </test-method> <!-- initialize -->
        <test-method is-config="true" signature="tearDown()[pri:0, instance:base.Base@57af006c]" started-at="2022-03-30T15:24:15Z" name="tearDown" finished-at="2022-03-30T15:24:16Z" duration-ms="54" status="PASS">
          <reporter-output>
          </reporter-output>
        </test-method> <!-- tearDown -->
      </class> <!-- base.Base -->
      <class name="smokeTesting.SmokeTest">
        <test-method signature="smokeTest()[pri:0, instance:smokeTesting.SmokeTest@6bedbc4d]" started-at="2022-03-30T15:23:44Z" name="smokeTest" finished-at="2022-03-30T15:23:49Z" duration-ms="4315" status="PASS">
          <reporter-output>
          </reporter-output>
        </test-method> <!-- smokeTest -->
      </class> <!-- smokeTesting.SmokeTest -->
    </test> <!-- OHrm_testing_ch1 -->
  </suite> <!-- orangeHRM -->
</testng-results>
